ets Jun  8 2016 00:22:57

rst:0x1 (POWERON_RESET),boot:0x13 (SPI_FAST_FLASH_BOOT)
configsip: 188777542, SPIWP:0xee
clk_drv:0x00,q_drv:0x00,d_drv:0x00,cs0_drv:0x00,hd_drv:0x00,wp_drv:0x00
mode:DIO, clock div:2
load:0x3fff0030,len:6280
load:0x40078000,len:15864
load:0x40080400,len:3912
entry 0x40080644
I (28) boot: ESP-IDF v5.5.4 2nd stage bootloader
I (28) boot: compile time Jul 11 2026 08:32:56
I (28) boot: Multicore bootloader
I (29) boot: chip revision: v1.1
I (32) boot.esp32: SPI Speed      : 40MHz
I (36) boot.esp32: SPI Mode       : DIO
I (39) boot.esp32: SPI Flash Size : 4MB
I (43) boot: Enabling RNG early entropy source...
I (48) boot: Partition Table:
I (50) boot: ## Label            Usage          Type ST Offset   Length
I (56) boot:  0 nvs              WiFi data        01 02 00009000 00006000
I (63) boot:  1 phy_init         RF data          01 01 0000f000 00001000
I (70) boot:  2 factory          factory app      00 00 00010000 00200000
I (76) boot: End of partition table
I (79) esp_image: segment 0: paddr=00010020 vaddr=3f400020 size=1a2e8h (107240) map
I (123) esp_image: segment 1: paddr=0002a310 vaddr=3ffbdb60 size=051e0h ( 20960) load
I (131) esp_image: segment 2: paddr=0002f4f8 vaddr=40080000 size=00b20h (  2848) load
I (133) esp_image: segment 3: paddr=00030020 vaddr=400d0020 size=4d2f0h (316144) map
I (245) esp_image: segment 4: paddr=0007d318 vaddr=40080b20 size=1751ch ( 95516) load
I (283) esp_image: segment 5: paddr=0009483c vaddr=50000000 size=00020h (    32) load
I (295) boot: Loaded app from partition at offset 0x10000
I (295) boot: Disabling RNG early entropy source...
[0;32mI (305) cpu_start: Multicore app[0m
D (305) cpu_start: Pro cpu up[0m
D (305) cpu_start: Starting app cpu, entry point is 0x40081218[0m
D (0) cpu_start: App cpu up[0m
D (316) clk: RTC_SLOW_CLK calibration value: 3129306[0m
[0;32mI (328) cpu_start: GPIO 3 and 1 are used as console UART I/O pins[0m
D (328) cpu_start: calling init function: 0x400d1fe4 on core: 0[0m
D (331) cpu_start: calling init function: 0x400d2440 on core: 0[0m
[0;32mI (337) cpu_start: Pro cpu start user code[0m
[0;32mI (342) cpu_start: cpu freq: 80000000 Hz[0m
D (347) cpu_start: calling init function: 0x400d1f14 on core: 0[0m
[0;32mI (353) app_init: Application information:[0m
[0;32mI (357) app_init: Project name:     gnarl[0m
[0;32mI (362) app_init: App version:      0f846ef-dirty[0m
[0;32mI (367) app_init: Compile time:     Jul 11 2026 08:33:32[0m
[0;32mI (373) app_init: ELF file SHA256:  fc2a7034e8c04575...[0m
[0;32mI (379) app_init: ESP-IDF:          v5.5.4[0m
D (384) cpu_start: calling init function: 0x400d1ff8 on core: 0[0m
[0;32mI (390) efuse_init: Min chip rev:     v0.0[0m
[0;32mI (395) efuse_init: Max chip rev:     v3.99 [0m
[0;32mI (400) efuse_init: Chip rev:         v1.1[0m
D (405) cpu_start: calling init function: 0x400d394c on core: 0[0m
D (411) memory_layout: Checking 13 reserved memory ranges:[0m
D (416) memory_layout: Reserved memory range 0x3ff82000 - 0x3ff82000[0m
D (422) memory_layout: Reserved memory range 0x3ffae000 - 0x3ffae6e0[0m
D (429) memory_layout: Reserved memory range 0x3ffae6e0 - 0x3ffaff10[0m
D (435) memory_layout: Reserved memory range 0x3ffb0000 - 0x3ffb6388[0m
D (442) memory_layout: Reserved memory range 0x3ffb8000 - 0x3ffb9a20[0m
D (448) memory_layout: Reserved memory range 0x3ffbdb28 - 0x3ffbdb5c[0m
D (455) memory_layout: Reserved memory range 0x3ffbdb60 - 0x3ffc4928[0m
D (461) memory_layout: Reserved memory range 0x3ffe0000 - 0x3ffe0440[0m
D (467) memory_layout: Reserved memory range 0x3ffe3f20 - 0x3ffe4350[0m
D (474) memory_layout: Reserved memory range 0x40070000 - 0x40078000[0m
D (480) memory_layout: Reserved memory range 0x40078000 - 0x40080000[0m
D (487) memory_layout: Reserved memory range 0x40080000 - 0x4009803c[0m
D (493) memory_layout: Reserved memory range 0x50001fe8 - 0x50002000[0m
D (500) memory_layout: Building list of available memory regions:[0m
D (506) memory_layout: Available memory region 0x3ffaff10 - 0x3ffb0000[0m
D (512) memory_layout: Available memory region 0x3ffb6388 - 0x3ffb8000[0m
D (519) memory_layout: Available memory region 0x3ffb9a20 - 0x3ffbdb28[0m
D (526) memory_layout: Available memory region 0x3ffc4928 - 0x3ffc6000[0m
D (532) memory_layout: Available memory region 0x3ffc6000 - 0x3ffc8000[0m
D (539) memory_layout: Available memory region 0x3ffc8000 - 0x3ffca000[0m
D (545) memory_layout: Available memory region 0x3ffca000 - 0x3ffcc000[0m
D (552) memory_layout: Available memory region 0x3ffcc000 - 0x3ffce000[0m
D (559) memory_layout: Available memory region 0x3ffce000 - 0x3ffd0000[0m
D (565) memory_layout: Available memory region 0x3ffd0000 - 0x3ffd2000[0m
D (572) memory_layout: Available memory region 0x3ffd2000 - 0x3ffd4000[0m
D (578) memory_layout: Available memory region 0x3ffd4000 - 0x3ffd6000[0m
D (585) memory_layout: Available memory region 0x3ffd6000 - 0x3ffd8000[0m
D (591) memory_layout: Available memory region 0x3ffd8000 - 0x3ffda000[0m
D (598) memory_layout: Available memory region 0x3ffda000 - 0x3ffdc000[0m
D (605) memory_layout: Available memory region 0x3ffdc000 - 0x3ffde000[0m
D (611) memory_layout: Available memory region 0x3ffde000 - 0x3ffe0000[0m
D (618) memory_layout: Available memory region 0x3ffe0440 - 0x3ffe3f20[0m
D (624) memory_layout: Available memory region 0x3ffe4350 - 0x3ffe8000[0m
D (631) memory_layout: Available memory region 0x3ffe8000 - 0x3fff0000[0m
D (638) memory_layout: Available memory region 0x3fff0000 - 0x3fff8000[0m
D (644) memory_layout: Available memory region 0x3fff8000 - 0x3fffc000[0m
D (651) memory_layout: Available memory region 0x3fffc000 - 0x40000000[0m
D (658) memory_layout: Available memory region 0x4009803c - 0x4009a000[0m
D (664) memory_layout: Available memory region 0x4009a000 - 0x4009c000[0m
D (671) memory_layout: Available memory region 0x4009c000 - 0x4009e000[0m
D (677) memory_layout: Available memory region 0x4009e000 - 0x400a0000[0m
[0;32mI (684) heap_init: Initializing. RAM available for dynamic allocation:[0m
D (691) heap_init: New heap initialised at 0x3ffaff10[0m
[0;32mI (696) heap_init: At 3FFAFF10 len 000000F0 (0 KiB): DRAM[0m
D (702) heap_init: New heap initialised at 0x3ffb6388[0m
[0;32mI (707) heap_init: At 3FFB6388 len 00001C78 (7 KiB): DRAM[0m
D (713) heap_init: New heap initialised at 0x3ffb9a20[0m
[0;32mI (719) heap_init: At 3FFB9A20 len 00004108 (16 KiB): DRAM[0m
D (725) heap_init: New heap initialised at 0x3ffc4928[0m
[0;32mI (730) heap_init: At 3FFC4928 len 0001B6D8 (109 KiB): DRAM[0m
[0;32mI (736) heap_init: At 3FFE0440 len 00003AE0 (14 KiB): D/IRAM[0m
[0;32mI (742) heap_init: At 3FFE4350 len 0001BCB0 (111 KiB): D/IRAM[0m
D (749) heap_init: New heap initialised at 0x4009803c[0m
[0;32mI (754) heap_init: At 4009803C len 00007FC4 (31 KiB): IRAM[0m
D (760) cpu_start: calling init function: 0x400d5144 on core: 0[0m
D (766) cpu_start: calling init function: 0x400d49a0 on core: 0[0m
D (772) cpu_start: calling init function: 0x400d2480 on core: 0[0m
D (779) intr_alloc: Connected src 46 to int 1 (cpu 0)[0m
D (783) cpu_start: calling init function: 0x400d2490 on core: 0[0m
D (789) cpu_start: calling init function: 0x400d60fc on core: 0[0m
D (795) cpu_start: calling init function: 0x400d7738 on core: 0[0m
D (801) cpu_start: calling init function: 0x400d6acc on core: 0[0m
D (807) cpu_start: calling init function: 0x400d49ac on core: 0[0m
D (814) cpu_start: calling init function: 0x400d24d0 on core: 0[0m
D (819) spi_flash: trying chip: issi[0m
D (823) spi_flash: trying chip: gd[0m
[0;32mI (826) spi_flash: detected chip: gd[0m
[0;32mI (831) spi_flash: flash io: dio[0m
D (835) cpu_start: calling init function: 0x40118a6c on core: 0[0m
D (841) cpu_start: calling init function: 0x400fb2d8[0m
D (846) cpu_start: calling init function: 0x400fb060[0m
D (851) C++ init: Setting C++ exception emergency pool to 0.[0m
D (856) cpu_start: calling init function: 0x4011b39c[0m
D (861) cpu_start: calling init function: 0x400f1cc0[0m
D (867) cpu_start: calling init function: 0x4008ee7c[0m
D (871) cpu_start: calling init function: 0x400d3190[0m
D (877) cpu_start: calling init function: 0x400ed6c8 on core: 0[0m
D (883) intr_alloc: Connected src 17 to int 2 (cpu 0)[0m
D (888) cpu_start: calling init function: 0x40118b6c on core: 0[0m
D (893) cpu_start: calling init function: 0x400d249c on core: 0[0m
[0;32mI (900) coexist: coex firmware version: 093e3d2[0m
D (905) cpu_start: calling init function: 0x400d24b0 on core: 0[0m
D (911) intr_alloc: Connected src 24 to int 3 (cpu 0)[0m
D (916) app_start: Starting scheduler on CPU0[0m
[0;32mD (920) intr_alloc: Connected src 25 to int 1 (cpu 1)[0m
D (920) app_start: Starting scheduler on CPU1[0m
I (920) main_task: Started on CPU0[0m
D (940) heap_init: New heap initialised at 0x3ffe0440[0m
D (940) heap_init: New heap initialised at 0x3ffe4350[0m
D (940) intr_alloc: Connected src 16 to int 5 (cpu 0)[0m
[0;32mI (940) main_task: Calling app_main()[0m
[0;32mI (950) GNARL: subg_rfspy 2.2[0m
D (950) spi: SPI3 use gpio matrix.[0m
D (960) intr_alloc: Connected src 31 to int 9 (cpu 0)[0m
D (960) spi_hal: eff: 5000, limit: 26666k(/2), 0 dummy, -1 delay[0m
D (970) spi_master: SPI3: New device added to CS0, effective clock: 5000000 Hz[0m
D (970) rfm95: reset[0m
D (980) rfm95: set_mode 7 -> 0[0m
D (980) GNARL: radio version 1.2[0m
D (980) GNARL: frequency set to 916500000 Hz[0m
[0;32mI (990) GNARL: OLED disabled; skipping display_init()[0m
D (990) GNARL: starting gnarl_loop[0m
D (1020) BTDM_INIT: Release DRAM [0x3ffb2730] - [0x3ffb6388][0m
D (1020) intr_alloc: Connected src -5 to int 29 (cpu 0)[0m
[0;32mI (1020) BTDM_INIT: BT controller compile version [83df000][0m
D (1020) BTDM_INIT: .data initialise [0x3ffae6e0] <== [0x4000d890][0m
D (1030) BTDM_INIT: .bss initialise [0x3ffb0000] - [0x3ffb09a8][0m
D (1040) BTDM_INIT: .bss initialise [0x3ffb09a8] - [0x3ffb1ddc][0m
D (1040) BTDM_INIT: .bss initialise [0x3ffb1ddc] - [0x3ffb2730][0m
D (1050) BTDM_INIT: .bss initialise [0x3ffb8000] - [0x3ffb9a20][0m
D (1050) BTDM_INIT: .bss initialise [0x3ffbdb28] - [0x3ffbdb5c][0m
[0;32mI (1060) BTDM_INIT: Using main XTAL as clock source[0m
D (1070) efuse: BLK0 REG2 [8-15], len=8 bits[0m
D (1070) efuse: BLK0 REG2 [0-7], len=8 bits[0m
D (1070) efuse: BLK0 REG1 [24-31], len=8 bits[0m
D (1080) efuse: BLK0 REG1 [16-23], len=8 bits[0m
D (1080) efuse: BLK0 REG1 [8-15], len=8 bits[0m
D (1090) efuse: BLK0 REG1 [0-7], len=8 bits[0m
D (1090) efuse: BLK0 REG2 [16-23], len=8 bits[0m
[0;32mI (1100) BTDM_INIT: Bluetooth MAC: 90:15:06:f5:20:d6[0m
[0;32mI (1110) phy_init: phy_version 4863,a3a4459,Oct 28 2025,14:30:06[0m
D (1110) phy_init: loading PHY init data from application binary[0m
D (1120) nvs: nvs_open_from_partition phy 0[0m
D (1120) nvs: nvs_get cal_version 4[0m
D (1120) nvs: nvs_get_str_or_blob cal_mac[0m
D (1130) efuse: BLK0 REG2 [8-15], len=8 bits[0m
D (1130) efuse: BLK0 REG2 [0-7], len=8 bits[0m
D (1140) efuse: BLK0 REG1 [24-31], len=8 bits[0m
D (1140) efuse: BLK0 REG1 [16-23], len=8 bits[0m
D (1140) efuse: BLK0 REG1 [8-15], len=8 bits[0m
D (1150) efuse: BLK0 REG1 [0-7], len=8 bits[0m
D (1150) efuse: BLK0 REG2 [16-23], len=8 bits[0m
D (1160) nvs: nvs_get_str_or_blob cal_data[0m
D (1170) nvs: nvs_close 1[0m
D (1170) efuse: BLK0 REG2 [8-15], len=8 bits[0m
D (1170) efuse: BLK0 REG2 [0-7], len=8 bits[0m
D (1170) efuse: BLK0 REG1 [24-31], len=8 bits[0m
D (1180) efuse: BLK0 REG1 [16-23], len=8 bits[0m
D (1180) efuse: BLK0 REG1 [8-15], len=8 bits[0m
D (1190) efuse: BLK0 REG1 [0-7], len=8 bits[0m
D (1190) efuse: BLK0 REG2 [16-23], len=8 bits[0m
D (1760) GNARL: service UUID 0235733b-99c5-4197-b856-69219c2a3845[0m
D (1760) GNARL: read_custom_name from nvs (forcing GAP_NAME)[0m
D (1760) nvs: nvs_open_from_partition GNARL 1[0m
D (1760) nvs: nvs_get_str_or_blob custom_name[0m
D (1770) GNARL: NVS already holds GAP_NAME: RileyLink RFSpy[0m
D (1770) nvs: nvs_close 2[0m
D (1780) nvs: nvs_open_from_partition nimble_bond 1[0m
D (1780) nvs: nvs_get_str_or_blob our_sec_1[0m
D (1790) nvs: nvs_close 3[0m
D (1790) nvs: nvs_open_from_partition nimble_bond 1[0m
D (1790) nvs: nvs_get_str_or_blob our_sec_2[0m
D (1800) nvs: nvs_close 4[0m
D (1800) nvs: nvs_open_from_partition nimble_bond 1[0m
D (1810) nvs: nvs_get_str_or_blob our_sec_3[0m
D (1810) nvs: nvs_close 5[0m
D (1810) NIMBLE_NVS: ble_store_config_our_secs restored 0 bonds[0m
D (1820) nvs: nvs_open_from_partition nimble_bond 1[0m
D (1820) nvs: nvs_get_str_or_blob peer_sec_1[0m
D (1830) nvs: nvs_close 6[0m
D (1830) nvs: nvs_open_from_partition nimble_bond 1[0m
D (1840) nvs: nvs_get_str_or_blob peer_sec_2[0m
D (1840) nvs: nvs_close 7[0m
D (1840) nvs: nvs_open_from_partition nimble_bond 1[0m
D (1850) nvs: nvs_get_str_or_blob peer_sec_3[0m
D (1850) nvs: nvs_close 8[0m
D (1850) NIMBLE_NVS: ble_store_config_peer_secs restored 0 bonds[0m
D (1860) nvs: nvs_open_from_partition nimble_bond 1[0m
D (1870) nvs: nvs_get_str_or_blob cccd_sec_1[0m
D (1870) nvs: nvs_close 9[0m
D (1870) nvs: nvs_open_from_partition nimble_bond 1[0m
D (1880) nvs: nvs_get_str_or_blob cccd_sec_2[0m
D (1880) nvs: nvs_close 10[0m
D (1880) nvs: nvs_open_from_partition nimble_bond 1[0m
D (1890) nvs: nvs_get_str_or_blob cccd_sec_3[0m
D (1890) nvs: nvs_close 11[0m
D (1900) nvs: nvs_open_from_partition nimble_bond 1[0m
D (1900) nvs: nvs_get_str_or_blob cccd_sec_4[0m
D (1910) nvs: nvs_close 12[0m
D (1910) nvs: nvs_open_from_partition nimble_bond 1[0m
D (1910) nvs: nvs_get_str_or_blob cccd_sec_5[0m
D (1920) nvs: nvs_close 13[0m
D (1920) nvs: nvs_open_from_partition nimble_bond 1[0m
D (1930) nvs: nvs_get_str_or_blob cccd_sec_6[0m
D (1930) nvs: nvs_close 14[0m
D (1930) nvs: nvs_open_from_partition nimble_bond 1[0m
D (1940) nvs: nvs_get_str_or_blob cccd_sec_7[0m
D (1940) nvs: nvs_close 15[0m
D (1950) nvs: nvs_open_from_partition nimble_bond 1[0m
D (1950) nvs: nvs_get_str_or_blob cccd_sec_8[0m
D (1950) nvs: nvs_close 16[0m
D (1960) NIMBLE_NVS: ble_store_config_cccds restored 0 bonds[0m
D (1960) nvs: nvs_open_from_partition nimble_bond 1[0m
D (1970) nvs: nvs_get_str_or_blob csfc_sec_1[0m
D (1970) nvs: nvs_close 17[0m
D (1970) nvs: nvs_open_from_partition nimble_bond 1[0m
D (1980) nvs: nvs_get_str_or_blob csfc_sec_2[0m
D (1980) nvs: nvs_close 18[0m
D (1990) nvs: nvs_open_from_partition nimble_bond 1[0m
D (1990) nvs: nvs_get_str_or_blob csfc_sec_3[0m
D (2000) nvs: nvs_close 19[0m
D (2000) NIMBLE_NVS: ble_store_config_csfcs restored 0 bonds[0m
D (2000) nvs: nvs_open_from_partition nimble_bond 1[0m
D (2010) nvs: nvs_get_str_or_blob local_irk_1[0m
D (2010) nvs: nvs_get_str_or_blob local_irk_1[0m
D (2020) nvs: nvs_close 20[0m
D (2020) NIMBLE_NVS: Local IRK in RAM is filled up from NVS index = 1[0m
D (2030) nvs: nvs_open_from_partition nimble_bond 1[0m
D (2030) nvs: nvs_get_str_or_blob local_irk_2[0m
D (2040) nvs: nvs_close 21[0m
D (2040) nvs: nvs_open_from_partition nimble_bond 1[0m
D (2040) nvs: nvs_get_str_or_blob local_irk_3[0m
D (2050) nvs: nvs_close 22[0m
D (2050) NIMBLE_NVS: ble_store_config_local_irks restored 1 irks[0m
D (2060) nvs: nvs_open_from_partition nimble_bond 1[0m
D (2060) nvs: nvs_get_str_or_blob rpa_rec_1[0m
D (2070) nvs: nvs_close 23[0m
D (2070) nvs: nvs_open_from_partition nimble_bond 1[0m
D (2080) nvs: nvs_get_str_or_blob rpa_rec_2[0m
D (2080) nvs: nvs_close 24[0m
D (2080) nvs: nvs_open_from_partition nimble_bond 1[0m
D (2090) nvs: nvs_get_str_or_blob rpa_rec_3[0m
D (2090) nvs: nvs_close 25[0m
D (2090) NIMBLE_NVS: ble_store_config_rpa_recs restored 0 bonds[0m
D (2100) nvs: nvs_open_from_partition nimble_bond 1[0m
D (2110) nvs: nvs_get_str_or_blob p_dev_rec_1[0m
D (2110) nvs: nvs_close 26[0m
D (2110) nvs: nvs_open_from_partition nimble_bond 1[0m
D (2120) nvs: nvs_get_str_or_blob p_dev_rec_2[0m
D (2120) nvs: nvs_close 27[0m
D (2120) nvs: nvs_open_from_partition nimble_bond 1[0m
D (2130) nvs: nvs_get_str_or_blob p_dev_rec_3[0m
D (2130) nvs: nvs_close 28[0m
D (2140) NIMBLE_NVS: peer_dev_rec restored 0 records[0m
[0;32mI (2140) main_task: Returned from app_main()[0m
D (2170) nvs: nvs_open_from_partition nimble_bond 1[0m
D (2170) nvs: nvs_get_str_or_blob our_sec_1[0m
D (2170) nvs: nvs_close 29[0m
D (2170) nvs: nvs_open_from_partition nimble_bond 1[0m
D (2180) nvs: nvs_get_str_or_blob our_sec_2[0m
D (2180) nvs: nvs_close 30[0m
D (2180) nvs: nvs_open_from_partition nimble_bond 1[0m
D (2190) nvs: nvs_get_str_or_blob our_sec_3[0m
D (2190) nvs: nvs_close 31[0m
D (2200) NIMBLE_NVS: ble_store_config_our_secs restored 0 bonds[0m
D (2200) nvs: nvs_open_from_partition nimble_bond 1[0m
D (2210) nvs: nvs_get_str_or_blob peer_sec_1[0m
D (2210) nvs: nvs_close 32[0m
D (2210) nvs: nvs_open_from_partition nimble_bond 1[0m
D (2220) nvs: nvs_get_str_or_blob peer_sec_2[0m
D (2220) nvs: nvs_close 33[0m
D (2230) nvs: nvs_open_from_partition nimble_bond 1[0m
D (2230) nvs: nvs_get_str_or_blob peer_sec_3[0m
D (2240) nvs: nvs_close 34[0m
D (2240) NIMBLE_NVS: ble_store_config_peer_secs restored 0 bonds[0m
D (2250) nvs: nvs_open_from_partition nimble_bond 1[0m
D (2250) nvs: nvs_get_str_or_blob cccd_sec_1[0m
D (2250) nvs: nvs_close 35[0m
D (2260) nvs: nvs_open_from_partition nimble_bond 1[0m
D (2260) nvs: nvs_get_str_or_blob cccd_sec_2[0m
D (2270) nvs: nvs_close 36[0m
D (2270) nvs: nvs_open_from_partition nimble_bond 1[0m
D (2270) nvs: nvs_get_str_or_blob cccd_sec_3[0m
D (2280) nvs: nvs_close 37[0m
D (2280) nvs: nvs_open_from_partition nimble_bond 1[0m
D (2290) nvs: nvs_get_str_or_blob cccd_sec_4[0m
D (2290) nvs: nvs_close 38[0m
D (2290) nvs: nvs_open_from_partition nimble_bond 1[0m
D (2300) nvs: nvs_get_str_or_blob cccd_sec_5[0m
D (2300) nvs: nvs_close 39[0m
D (2310) nvs: nvs_open_from_partition nimble_bond 1[0m
D (2310) nvs: nvs_get_str_or_blob cccd_sec_6[0m
D (2310) nvs: nvs_close 40[0m
D (2320) nvs: nvs_open_from_partition nimble_bond 1[0m
D (2320) nvs: nvs_get_str_or_blob cccd_sec_7[0m
D (2330) nvs: nvs_close 41[0m
D (2330) nvs: nvs_open_from_partition nimble_bond 1[0m
D (2330) nvs: nvs_get_str_or_blob cccd_sec_8[0m
D (2340) nvs: nvs_close 42[0m
D (2340) NIMBLE_NVS: ble_store_config_cccds restored 0 bonds[0m
D (2350) nvs: nvs_open_from_partition nimble_bond 1[0m
D (2350) nvs: nvs_get_str_or_blob csfc_sec_1[0m
D (2360) nvs: nvs_close 43[0m
D (2360) nvs: nvs_open_from_partition nimble_bond 1[0m
D (2360) nvs: nvs_get_str_or_blob csfc_sec_2[0m
D (2370) nvs: nvs_close 44[0m
D (2370) nvs: nvs_open_from_partition nimble_bond 1[0m
D (2380) nvs: nvs_get_str_or_blob csfc_sec_3[0m
D (2380) nvs: nvs_close 45[0m
D (2380) NIMBLE_NVS: ble_store_config_csfcs restored 0 bonds[0m
D (2390) nvs: nvs_open_from_partition nimble_bond 1[0m
D (2390) nvs: nvs_get_str_or_blob local_irk_1[0m
D (2400) nvs: nvs_get_str_or_blob local_irk_1[0m
D (2400) nvs: nvs_close 46[0m
D (2410) NIMBLE_NVS: Local IRK in RAM is filled up from NVS index = 1[0m
D (2410) nvs: nvs_open_from_partition nimble_bond 1[0m
D (2420) nvs: nvs_get_str_or_blob local_irk_2[0m
D (2420) nvs: nvs_close 47[0m
D (2420) nvs: nvs_open_from_partition nimble_bond 1[0m
D (2430) nvs: nvs_get_str_or_blob local_irk_3[0m
D (2430) nvs: nvs_close 48[0m
D (2440) NIMBLE_NVS: ble_store_config_local_irks restored 1 irks[0m
D (2440) nvs: nvs_open_from_partition nimble_bond 1[0m
D (2450) nvs: nvs_get_str_or_blob rpa_rec_1[0m
D (2450) nvs: nvs_close 49[0m
D (2450) nvs: nvs_open_from_partition nimble_bond 1[0m
D (2460) nvs: nvs_get_str_or_blob rpa_rec_2[0m
D (2460) nvs: nvs_close 50[0m
D (2470) nvs: nvs_open_from_partition nimble_bond 1[0m
D (2470) nvs: nvs_get_str_or_blob rpa_rec_3[0m
D (2480) nvs: nvs_close 51[0m
D (2480) NIMBLE_NVS: ble_store_config_rpa_recs restored 0 bonds[0m
D (2480) nvs: nvs_open_from_partition nimble_bond 1[0m
D (2490) nvs: nvs_get_str_or_blob p_dev_rec_1[0m
D (2490) nvs: nvs_close 52[0m
D (2500) nvs: nvs_open_from_partition nimble_bond 1[0m
D (2500) nvs: nvs_get_str_or_blob p_dev_rec_2[0m
D (2510) nvs: nvs_close 53[0m
D (2510) nvs: nvs_open_from_partition nimble_bond 1[0m
D (2510) nvs: nvs_get_str_or_blob p_dev_rec_3[0m
D (2520) nvs: nvs_close 54[0m
D (2520) NIMBLE_NVS: peer_dev_rec restored 0 records[0m
device address: 90:15:06:f5:20:d6
D (2540) GNARL: device name shortened to Riley[0m
D (2540) GNARL: gap_device_name 5 Riley[0m
[0;32mI (2550) NimBLE: GAP procedure initiated: advertise; [0m
[0;32mI (2550) NimBLE: disc_mode=2[0m
[0;32mI (2550) NimBLE:  adv_channel_map=0 own_addr_type=0 adv_filter_policy=0 adv_itvl_min=0 adv_itvl_max=0[0m
[0;32mI (2560) NimBLE: 
[0m
D (2570) GNARL: advertising started[0m
